[www.tarjetas.cool/modelos/cumple/plim_plim/index.html]
[cdn.jsdelivr.net/npm/bootstrap@5.1.3/dist/css/bootstrap.min.css]
[backblue.gif]
[fade.gif]
[index.html]
[cdn.jsdelivr.net/npm/bootstrap-icons@1.9.1/font/bootstrap-icons.css]
[www.tarjetas.cool/modelos/cumple/plim_plim/css/styles3860.css]
[www.tarjetas.cool/favicon-32x32.png]
[www.tarjetas.cool/favicon-16x16.png]
[www.tarjetas.cool/modelos/cumple/plim_plim/img/logo_animado.gif]
[www.tarjetas.cool/modelos/cumple/plim_plim/img/1.png]
[www.tarjetas.cool/modelos/cumple/plim_plim/sounds/audio3860.mp3]
[www.tarjetas.cool/modelos/cumple/plim_plim/img/cinta.png]
[cdn.jsdelivr.net/npm/bootstrap@5.1.3/dist/js/bootstrap.bundle.min.js]
[www.tarjetas.cool/modelos/cumple/plim_plim/js/card5e1f.js]
[www.tarjetas.cool/modelos/cumple/plim_plim/index.html]
[cdn.jsdelivr.net/npm/bootstrap@5.1.3/dist/css/bootstrap.min.css]
[cdn.jsdelivr.net/npm/bootstrap-icons@1.9.1/font/fonts/bootstrap-iconsd862.woff2]
[cdn.jsdelivr.net/npm/bootstrap-icons@1.9.1/font/bootstrap-icons.css]
[cdn.jsdelivr.net/npm/bootstrap-icons@1.9.1/font/fonts/bootstrap-iconsd862.woff]
[www.tarjetas.cool/modelos/cumple/plim_plim/fonts/akaDylan Plain.ttf]
[www.tarjetas.cool/modelos/cumple/plim_plim/img/fondoppl.jpg]
[www.tarjetas.cool/modelos/cumple/plim_plim/img/fondo_tarjeta3860.jpg]
[www.tarjetas.cool/modelos/cumple/plim_plim/img/fondo.jpg]
[www.tarjetas.cool/modelos/cumple/plim_plim/css/styles3860.css]
[www.tarjetas.cool/modelos/cumple/plim_plim/js/card5e1f.js]
